# JRE version: Java(TM) SE Runtime Environment (8.0_31-b13) (build 1.8.0_31-b13)
# Java VM: Java HotSpot(TM) 64-Bit Server VM (25.31-b07 mixed mode windows-amd64 compressed oops)
Heap:
 PSYoungGen      total 160256K, used 90438K [0x00000000eab00000, 0x00000000fb180000, 0x0000000100000000)
  eden space 65024K, 25% used [0x00000000eab00000,0x00000000ebb81d60,0x00000000eea80000)
  from space 95232K, 77% used [0x00000000f5480000,0x00000000f9c4fde0,0x00000000fb180000)
  to   space 96256K, 0% used [0x00000000eea80000,0x00000000eea80000,0x00000000f4880000)
 ParOldGen       total 138752K, used 52368K [0x00000000c0000000, 0x00000000c8780000, 0x00000000eab00000)
  object space 138752K, 37% used [0x00000000c0000000,0x00000000c3324278,0x00000000c8780000)
 Metaspace       used 5727K, capacity 6960K, committed 7040K, reserved 1056768K
  class space    used 552K, capacity 616K, committed 640K, reserved 1048576K
GC Heap History (10 events):
Event: 22.394 GC heap before
{Heap before GC invocations=16 (full 3):
 PSYoungGen      total 121856K, used 121824K [0x00000000eab00000, 0x00000000f7300000, 0x0000000100000000)
  eden space 52736K, 100% used [0x00000000eab00000,0x00000000ede80000,0x00000000ede80000)
  from space 69120K, 99% used [0x00000000f2f80000,0x00000000f72f8288,0x00000000f7300000)
  to   space 54272K, 0% used [0x00000000ede80000,0x00000000ede80000,0x00000000f1380000)
 ParOldGen       total 117248K, used 79732K [0x00000000c0000000, 0x00000000c7280000, 0x00000000eab00000)
  object space 117248K, 68% used [0x00000000c0000000,0x00000000c4ddd300,0x00000000c7280000)
 Metaspace       used 5720K, capacity 6960K, committed 7040K, reserved 1056768K
  class space    used 552K, capacity 616K, committed 640K, reserved 1048576K
Event: 22.569 GC heap after
Heap after GC invocations=16 (full 3):
 PSYoungGen      total 107008K, used 54255K [0x00000000eab00000, 0x00000000fad80000, 0x0000000100000000)
  eden space 52736K, 0% used [0x00000000eab00000,0x00000000eab00000,0x00000000ede80000)
  from space 54272K, 99% used [0x00000000ede80000,0x00000000f137bdd8,0x00000000f1380000)
  to   space 99840K, 0% used [0x00000000f4c00000,0x00000000f4c00000,0x00000000fad80000)
 ParOldGen       total 119808K, used 119636K [0x00000000c0000000, 0x00000000c7500000, 0x00000000eab00000)
  object space 119808K, 99% used [0x00000000c0000000,0x00000000c74d51b0,0x00000000c7500000)
 Metaspace       used 5720K, capacity 6960K, committed 7040K, reserved 1056768K
  class space    used 552K, capacity 616K, committed 640K, reserved 1048576K
}
Event: 22.569 GC heap before
{Heap before GC invocations=17 (full 4):
 PSYoungGen      total 107008K, used 54255K [0x00000000eab00000, 0x00000000fad80000, 0x0000000100000000)
  eden space 52736K, 0% used [0x00000000eab00000,0x00000000eab00000,0x00000000ede80000)
  from space 54272K, 99% used [0x00000000ede80000,0x00000000f137bdd8,0x00000000f1380000)
  to   space 99840K, 0% used [0x00000000f4c00000,0x00000000f4c00000,0x00000000fad80000)
 ParOldGen       total 119808K, used 119636K [0x00000000c0000000, 0x00000000c7500000, 0x00000000eab00000)
  object space 119808K, 99% used [0x00000000c0000000,0x00000000c74d51b0,0x00000000c7500000)
 Metaspace       used 5720K, capacity 6960K, committed 7040K, reserved 1056768K
  class space    used 552K, capacity 616K, committed 640K, reserved 1048576K
Event: 23.129 GC heap after
Heap after GC invocations=17 (full 4):
 PSYoungGen      total 107008K, used 0K [0x00000000eab00000, 0x00000000fad80000, 0x0000000100000000)
  eden space 52736K, 0% used [0x00000000eab00000,0x00000000eab00000,0x00000000ede80000)
  from space 54272K, 0% used [0x00000000ede80000,0x00000000ede80000,0x00000000f1380000)
  to   space 99840K, 0% used [0x00000000f4c00000,0x00000000f4c00000,0x00000000fad80000)
 ParOldGen       total 138752K, used 52360K [0x00000000c0000000, 0x00000000c8780000, 0x00000000eab00000)
  object space 138752K, 37% used [0x00000000c0000000,0x00000000c3322278,0x00000000c8780000)
 Metaspace       used 5720K, capacity 6960K, committed 7040K, reserved 1056768K
  class space    used 552K, capacity 616K, committed 640K, reserved 1048576K
}
Event: 23.257 GC heap before
{Heap before GC invocations=18 (full 4):
 PSYoungGen      total 107008K, used 52736K [0x00000000eab00000, 0x00000000fad80000, 0x0000000100000000)
  eden space 52736K, 100% used [0x00000000eab00000,0x00000000ede80000,0x00000000ede80000)
  from space 54272K, 0% used [0x00000000ede80000,0x00000000ede80000,0x00000000f1380000)
  to   space 99840K, 0% used [0x00000000f4c00000,0x00000000f4c00000,0x00000000fad80000)
 ParOldGen       total 138752K, used 52360K [0x00000000c0000000, 0x00000000c8780000, 0x00000000eab00000)
  object space 138752K, 37% used [0x00000000c0000000,0x00000000c3322278,0x00000000c8780000)
 Metaspace       used 5720K, capacity 6960K, committed 7040K, reserved 1056768K
  class space    used 552K, capacity 616K, committed 640K, reserved 1048576K
Event: 23.295 GC heap after
Heap after GC invocations=18 (full 4):
 PSYoungGen      total 157696K, used 22070K [0x00000000eab00000, 0x00000000fa680000, 0x0000000100000000)
  eden space 65024K, 0% used [0x00000000eab00000,0x00000000eab00000,0x00000000eea80000)
  from space 92672K, 23% used [0x00000000f4c00000,0x00000000f618d800,0x00000000fa680000)
  to   space 96256K, 0% used [0x00000000eea80000,0x00000000eea80000,0x00000000f4880000)
 ParOldGen       total 138752K, used 52360K [0x00000000c0000000, 0x00000000c8780000, 0x00000000eab00000)
  object space 138752K, 37% used [0x00000000c0000000,0x00000000c3322278,0x00000000c8780000)
 Metaspace       used 5720K, capacity 6960K, committed 7040K, reserved 1056768K
  class space    used 552K, capacity 616K, committed 640K, reserved 1048576K
}
Event: 24.424 GC heap before
{Heap before GC invocations=19 (full 4):
 PSYoungGen      total 157696K, used 87094K [0x00000000eab00000, 0x00000000fa680000, 0x0000000100000000)
  eden space 65024K, 100% used [0x00000000eab00000,0x00000000eea80000,0x00000000eea80000)
  from space 92672K, 23% used [0x00000000f4c00000,0x00000000f618d800,0x00000000fa680000)
  to   space 96256K, 0% used [0x00000000eea80000,0x00000000eea80000,0x00000000f4880000)
 ParOldGen       total 138752K, used 52360K [0x00000000c0000000, 0x00000000c8780000, 0x00000000eab00000)
  object space 138752K, 37% used [0x00000000c0000000,0x00000000c3322278,0x00000000c8780000)
 Metaspace       used 5727K, capacity 6960K, committed 7040K, reserved 1056768K
  class space    used 552K, capacity 616K, committed 640K, reserved 1048576K
Event: 24.454 GC heap after
Heap after GC invocations=19 (full 4):
 PSYoungGen      total 161280K, used 49054K [0x00000000eab00000, 0x00000000fb180000, 0x0000000100000000)
  eden space 65024K, 0% used [0x00000000eab00000,0x00000000eab00000,0x00000000eea80000)
  from space 96256K, 50% used [0x00000000eea80000,0x00000000f1a67840,0x00000000f4880000)
  to   space 95232K, 0% used [0x00000000f5480000,0x00000000f5480000,0x00000000fb180000)
 ParOldGen       total 138752K, used 52368K [0x00000000c0000000, 0x00000000c8780000, 0x00000000eab00000)
  object space 138752K, 37% used [0x00000000c0000000,0x00000000c3324278,0x00000000c8780000)
 Metaspace       used 5727K, capacity 6960K, committed 7040K, reserved 1056768K
  class space    used 552K, capacity 616K, committed 640K, reserved 1048576K
}
Event: 24.902 GC heap before
{Heap before GC invocations=20 (full 4):
 PSYoungGen      total 161280K, used 114078K [0x00000000eab00000, 0x00000000fb180000, 0x0000000100000000)
  eden space 65024K, 100% used [0x00000000eab00000,0x00000000eea80000,0x00000000eea80000)
  from space 96256K, 50% used [0x00000000eea80000,0x00000000f1a67840,0x00000000f4880000)
  to   space 95232K, 0% used [0x00000000f5480000,0x00000000f5480000,0x00000000fb180000)
 ParOldGen       total 138752K, used 52368K [0x00000000c0000000, 0x00000000c8780000, 0x00000000eab00000)
  object space 138752K, 37% used [0x00000000c0000000,0x00000000c3324278,0x00000000c8780000)
 Metaspace       used 5727K, capacity 6960K, committed 7040K, reserved 1056768K
  class space    used 552K, capacity 616K, committed 640K, reserved 1048576K
Event: 25.052 GC heap after
Heap after GC invocations=20 (full 4):
 PSYoungGen      total 160256K, used 73535K [0x00000000eab00000, 0x00000000fb180000, 0x0000000100000000)
  eden space 65024K, 0% used [0x00000000eab00000,0x00000000eab00000,0x00000000eea80000)
  from space 95232K, 77% used [0x00000000f5480000,0x00000000f9c4fde0,0x00000000fb180000)
  to   space 96256K, 0% used [0x00000000eea80000,0x00000000eea80000,0x00000000f4880000)
 ParOldGen       total 138752K, used 52368K [0x00000000c0000000, 0x00000000c8780000, 0x00000000eab00000)
  object space 138752K, 37% used [0x00000000c0000000,0x00000000c3324278,0x00000000c8780000)
 Metaspace       used 5727K, capacity 6960K, committed 7040K, reserved 1056768K
  class space    used 552K, capacity 616K, committed 640K, reserved 1048576K
}

